{
  "error": {},
  "label": "Application Wizard.Webview Rpc.RpcExtension.RpcCommon",
  "level": "error",
  "message": "handleRequest: Failed processing request rpc-request id: 0.8329066974526451",
  "time": "2021-11-29T03:16:57.402Z"
}
{
  "error": {},
  "label": "Application Wizard.Webview Rpc.RpcExtension.RpcCommon",
  "level": "error",
  "message": "handleRequest: Failed processing request rpc-request id: 0.9779948449578839",
  "time": "2021-11-29T03:22:50.484Z"
}
{
  "label": "Application Wizard.AbstractWebviewPanel.@sap/fiori:app.@sap/generator-fiori",
  "level": "error",
  "message": "Request failed with status code 404 Selected service is returning an error.",
  "time": "2021-11-29T03:25:42.747Z"
}
{
  "label": "Application Wizard.AbstractWebviewPanel.@sap/fiori:app.@sap/generator-fiori",
  "level": "error",
  "message": "Request failed with status code 404 Selected service is returning an error.",
  "time": "2021-11-29T03:25:45.669Z"
}
{
  "label": "Application Wizard.AbstractWebviewPanel.@sap/fiori:app.@sap/generator-fiori",
  "level": "error",
  "message": "Request failed with status code 404 Selected service is returning an error.",
  "time": "2021-11-29T03:25:50.465Z"
}
{
  "error": {},
  "label": "Application Wizard.Webview Rpc.RpcExtension.RpcCommon",
  "level": "error",
  "message": "handleRequest: Failed processing request rpc-request id: 0.1594586013286663",
  "time": "2021-11-29T03:31:50.131Z"
}
